2022-08-24 17:11:11.160232 starting: opening ensemble_helper.log for logging
2022-08-24 17:11:11.160369 starting: pyemu.plot_utils.ensemble_helper()
2022-08-24 17:11:11.161169 plotting 8 histograms
2022-08-24 17:11:11.161938 saving pdf to None
2022-08-24 17:11:11.161970 starting: plotting reals for hk00
2022-08-24 17:11:11.269178 hk00 min:-0.30103, max:1.69897
2022-08-24 17:11:11.298516 starting: plotting reals for hk01
2022-08-24 17:11:11.309273 hk01 min:-0.30103, max:1.69897
2022-08-24 17:11:11.337099 starting: plotting reals for hk02
2022-08-24 17:11:11.348045 hk02 min:-0.30103, max:1.69897
2022-08-24 17:11:11.375655 starting: plotting reals for hk03
2022-08-24 17:11:11.385901 hk03 min:-0.30103, max:1.69897
2022-08-24 17:11:11.412887 starting: plotting reals for hk04
2022-08-24 17:11:11.423155 hk04 min:-0.30103, max:1.69897
2022-08-24 17:11:11.449953 starting: plotting reals for hk05
2022-08-24 17:11:11.460767 hk05 min:-0.30103, max:1.69897
2022-08-24 17:11:11.488032 starting: plotting reals for hk06
2022-08-24 17:11:11.498620 hk06 min:-0.30103, max:1.69897
2022-08-24 17:11:11.525948 starting: plotting reals for hk07
2022-08-24 17:11:11.536120 hk07 min:-0.30103, max:1.69897
2022-08-24 17:11:11.718646 finished: pyemu.plot_utils.ensemble_helper() took: 0:00:00.558277
